# JRE version: OpenJDK Runtime Environment (8.0_242-b01) (build 1.8.0_242-release-1644-b01)
# Java VM: OpenJDK 64-Bit Server VM (25.242-b01 mixed mode windows-amd64 compressed oops)
Heap:
 PSYoungGen      total 412672K, used 292523K [0x00000000e0000000, 0x0000000100000000, 0x0000000100000000)
  eden space 318976K, 71% used [0x00000000e0000000,0x00000000edef6b98,0x00000000f3780000)
  from space 93696K, 68% used [0x00000000f3780000,0x00000000f76341a0,0x00000000f9300000)
  to   space 94720K, 0% used [0x00000000fa380000,0x00000000fa380000,0x0000000100000000)
 ParOldGen       total 239104K, used 141426K [0x00000000a0000000, 0x00000000ae980000, 0x00000000e0000000)
  object space 239104K, 59% used [0x00000000a0000000,0x00000000a8a1ca18,0x00000000ae980000)
 Metaspace       used 104085K, capacity 109144K, committed 109272K, reserved 1144832K
  class space    used 13418K, capacity 14524K, committed 14592K, reserved 1048576K
GC Heap History (10 events):
Event: 438.649 GC heap before
{Heap before GC invocations=56 (full 5):
 PSYoungGen      total 342528K, used 332663K [0x00000000e0000000, 0x00000000fa300000, 0x0000000100000000)
  eden space 272384K, 100% used [0x00000000e0000000,0x00000000f0a00000,0x00000000f0a00000)
  from space 70144K, 85% used [0x00000000f5300000,0x00000000f8dddf50,0x00000000f9780000)
  to   space 74752K, 0% used [0x00000000f0a00000,0x00000000f0a00000,0x00000000f5300000)
 ParOldGen       total 239104K, used 135602K [0x00000000a0000000, 0x00000000ae980000, 0x00000000e0000000)
  object space 239104K, 56% used [0x00000000a0000000,0x00000000a846cb88,0x00000000ae980000)
 Metaspace       used 103484K, capacity 108486K, committed 108760K, reserved 1142784K
  class space    used 13390K, capacity 14503K, committed 14592K, reserved 1048576K
Event: 440.124 GC heap after
Heap after GC invocations=56 (full 5):
 PSYoungGen      total 347136K, used 73259K [0x00000000e0000000, 0x00000000fc400000, 0x0000000100000000)
  eden space 272384K, 0% used [0x00000000e0000000,0x00000000e0000000,0x00000000f0a00000)
  from space 74752K, 98% used [0x00000000f0a00000,0x00000000f518adb8,0x00000000f5300000)
  to   space 83456K, 0% used [0x00000000f7280000,0x00000000f7280000,0x00000000fc400000)
 ParOldGen       total 239104K, used 136324K [0x00000000a0000000, 0x00000000ae980000, 0x00000000e0000000)
  object space 239104K, 57% used [0x00000000a0000000,0x00000000a8521018,0x00000000ae980000)
 Metaspace       used 103484K, capacity 108486K, committed 108760K, reserved 1142784K
  class space    used 13390K, capacity 14503K, committed 14592K, reserved 1048576K
}
Event: 444.604 GC heap before
{Heap before GC invocations=57 (full 5):
 PSYoungGen      total 347136K, used 345643K [0x00000000e0000000, 0x00000000fc400000, 0x0000000100000000)
  eden space 272384K, 100% used [0x00000000e0000000,0x00000000f0a00000,0x00000000f0a00000)
  from space 74752K, 98% used [0x00000000f0a00000,0x00000000f518adb8,0x00000000f5300000)
  to   space 83456K, 0% used [0x00000000f7280000,0x00000000f7280000,0x00000000fc400000)
 ParOldGen       total 239104K, used 136324K [0x00000000a0000000, 0x00000000ae980000, 0x00000000e0000000)
  object space 239104K, 57% used [0x00000000a0000000,0x00000000a8521018,0x00000000ae980000)
 Metaspace       used 103821K, capacity 108796K, committed 109016K, reserved 1144832K
  class space    used 13402K, capacity 14508K, committed 14592K, reserved 1048576K
Event: 445.023 GC heap after
Heap after GC invocations=57 (full 5):
 PSYoungGen      total 374784K, used 68368K [0x00000000e0000000, 0x00000000fce00000, 0x0000000100000000)
  eden space 291328K, 0% used [0x00000000e0000000,0x00000000e0000000,0x00000000f1c80000)
  from space 83456K, 81% used [0x00000000f7280000,0x00000000fb5442a0,0x00000000fc400000)
  to   space 88064K, 0% used [0x00000000f1c80000,0x00000000f1c80000,0x00000000f7280000)
 ParOldGen       total 239104K, used 136582K [0x00000000a0000000, 0x00000000ae980000, 0x00000000e0000000)
  object space 239104K, 57% used [0x00000000a0000000,0x00000000a8561938,0x00000000ae980000)
 Metaspace       used 103821K, capacity 108796K, committed 109016K, reserved 1144832K
  class space    used 13402K, capacity 14508K, committed 14592K, reserved 1048576K
}
Event: 446.968 GC heap before
{Heap before GC invocations=58 (full 5):
 PSYoungGen      total 374784K, used 359696K [0x00000000e0000000, 0x00000000fce00000, 0x0000000100000000)
  eden space 291328K, 100% used [0x00000000e0000000,0x00000000f1c80000,0x00000000f1c80000)
  from space 83456K, 81% used [0x00000000f7280000,0x00000000fb5442a0,0x00000000fc400000)
  to   space 88064K, 0% used [0x00000000f1c80000,0x00000000f1c80000,0x00000000f7280000)
 ParOldGen       total 239104K, used 136582K [0x00000000a0000000, 0x00000000ae980000, 0x00000000e0000000)
  object space 239104K, 57% used [0x00000000a0000000,0x00000000a8561938,0x00000000ae980000)
 Metaspace       used 103931K, capacity 108958K, committed 109272K, reserved 1144832K
  class space    used 13404K, capacity 14511K, committed 14592K, reserved 1048576K
Event: 447.235 GC heap after
Heap after GC invocations=58 (full 5):
 PSYoungGen      total 379392K, used 70374K [0x00000000e0000000, 0x00000000fed80000, 0x0000000100000000)
  eden space 291328K, 0% used [0x00000000e0000000,0x00000000e0000000,0x00000000f1c80000)
  from space 88064K, 79% used [0x00000000f1c80000,0x00000000f6139838,0x00000000f7280000)
  to   space 92672K, 0% used [0x00000000f9300000,0x00000000f9300000,0x00000000fed80000)
 ParOldGen       total 239104K, used 136982K [0x00000000a0000000, 0x00000000ae980000, 0x00000000e0000000)
  object space 239104K, 57% used [0x00000000a0000000,0x00000000a85c5938,0x00000000ae980000)
 Metaspace       used 103931K, capacity 108958K, committed 109272K, reserved 1144832K
  class space    used 13404K, capacity 14511K, committed 14592K, reserved 1048576K
}
Event: 448.599 GC heap before
{Heap before GC invocations=59 (full 5):
 PSYoungGen      total 379392K, used 361702K [0x00000000e0000000, 0x00000000fed80000, 0x0000000100000000)
  eden space 291328K, 100% used [0x00000000e0000000,0x00000000f1c80000,0x00000000f1c80000)
  from space 88064K, 79% used [0x00000000f1c80000,0x00000000f6139838,0x00000000f7280000)
  to   space 92672K, 0% used [0x00000000f9300000,0x00000000f9300000,0x00000000fed80000)
 ParOldGen       total 239104K, used 136982K [0x00000000a0000000, 0x00000000ae980000, 0x00000000e0000000)
  object space 239104K, 57% used [0x00000000a0000000,0x00000000a85c5938,0x00000000ae980000)
 Metaspace       used 104006K, capacity 109062K, committed 109272K, reserved 1144832K
  class space    used 13411K, capacity 14521K, committed 14592K, reserved 1048576K
Event: 448.855 GC heap after
Heap after GC invocations=59 (full 5):
 PSYoungGen      total 411648K, used 63913K [0x00000000e0000000, 0x00000000ff280000, 0x0000000100000000)
  eden space 318976K, 0% used [0x00000000e0000000,0x00000000e0000000,0x00000000f3780000)
  from space 92672K, 68% used [0x00000000f9300000,0x00000000fd16a498,0x00000000fed80000)
  to   space 93696K, 0% used [0x00000000f3780000,0x00000000f3780000,0x00000000f9300000)
 ParOldGen       total 239104K, used 140785K [0x00000000a0000000, 0x00000000ae980000, 0x00000000e0000000)
  object space 239104K, 58% used [0x00000000a0000000,0x00000000a897c418,0x00000000ae980000)
 Metaspace       used 104006K, capacity 109062K, committed 109272K, reserved 1144832K
  class space    used 13411K, capacity 14521K, committed 14592K, reserved 1048576K
}
Event: 450.402 GC heap before
{Heap before GC invocations=60 (full 5):
 PSYoungGen      total 411648K, used 382889K [0x00000000e0000000, 0x00000000ff280000, 0x0000000100000000)
  eden space 318976K, 100% used [0x00000000e0000000,0x00000000f3780000,0x00000000f3780000)
  from space 92672K, 68% used [0x00000000f9300000,0x00000000fd16a498,0x00000000fed80000)
  to   space 93696K, 0% used [0x00000000f3780000,0x00000000f3780000,0x00000000f9300000)
 ParOldGen       total 239104K, used 140785K [0x00000000a0000000, 0x00000000ae980000, 0x00000000e0000000)
  object space 239104K, 58% used [0x00000000a0000000,0x00000000a897c418,0x00000000ae980000)
 Metaspace       used 104082K, capacity 109144K, committed 109272K, reserved 1144832K
  class space    used 13418K, capacity 14524K, committed 14592K, reserved 1048576K
Event: 451.258 GC heap after
Heap after GC invocations=60 (full 5):
 PSYoungGen      total 412672K, used 64208K [0x00000000e0000000, 0x0000000100000000, 0x0000000100000000)
  eden space 318976K, 0% used [0x00000000e0000000,0x00000000e0000000,0x00000000f3780000)
  from space 93696K, 68% used [0x00000000f3780000,0x00000000f76341a0,0x00000000f9300000)
  to   space 94720K, 0% used [0x00000000fa380000,0x00000000fa380000,0x0000000100000000)
 ParOldGen       total 239104K, used 141426K [0x00000000a0000000, 0x00000000ae980000, 0x00000000e0000000)
  object space 239104K, 59% used [0x00000000a0000000,0x00000000a8a1ca18,0x00000000ae980000)
 Metaspace       used 104082K, capacity 109144K, committed 109272K, reserved 1144832K
  class space    used 13418K, capacity 14524K, committed 14592K, reserved 1048576K
}

